{"C:\\Users\\Glosc\\git\\svg-canvas\\src\\main\\SVGCanvas.ts": {"path":"C:\\Users\\Glosc\\git\\svg-canvas\\src\\main\\SVGCanvas.ts","statementMap":{"0":{"start":{"line":2,"column":0},"end":{"line":2,"column":52}},"1":{"start":{"line":3,"column":0},"end":{"line":3,"column":42}},"2":{"start":{"line":5,"column":0},"end":{"line":5,"column":null}},"3":{"start":{"line":8,"column":12},"end":{"line":8,"column":71}},"4":{"start":{"line":11,"column":8},"end":{"line":11,"column":53}},"5":{"start":{"line":14,"column":12},"end":{"line":17,"column":null}},"6":{"start":{"line":15,"column":8},"end":{"line":15,"column":41}},"7":{"start":{"line":16,"column":8},"end":{"line":16,"column":28}},"8":{"start":{"line":19,"column":11},"end":{"line":30,"column":null}},"9":{"start":{"line":19,"column":18},"end":{"line":19,"column":null}},"10":{"start":{"line":20,"column":30},"end":{"line":20,"column":73}},"11":{"start":{"line":21,"column":8},"end":{"line":27,"column":null}},"12":{"start":{"line":22,"column":12},"end":{"line":26,"column":null}},"13":{"start":{"line":23,"column":16},"end":{"line":23,"column":82}},"14":{"start":{"line":25,"column":16},"end":{"line":25,"column":51}},"15":{"start":{"line":28,"column":8},"end":{"line":28,"column":50}},"16":{"start":{"line":29,"column":8},"end":{"line":29,"column":20}},"17":{"start":{"line":32,"column":11},"end":{"line":34,"column":null}},"18":{"start":{"line":33,"column":8},"end":{"line":33,"column":43}},"19":{"start":{"line":36,"column":0},"end":{"line":36,"column":null}}},"fnMap":{"0":{"name":"(anonymous_0)","decl":{"start":{"line":5,"column":0},"end":{"line":5,"column":null}},"loc":{"start":{"line":5,"column":0},"end":{"line":36,"column":null}}},"1":{"name":"SVGCanvas","decl":{"start":{"line":10,"column":4},"end":{"line":10,"column":16}},"loc":{"start":{"line":10,"column":43},"end":{"line":12,"column":5}}},"2":{"name":"(anonymous_2)","decl":{"start":{"line":14,"column":4},"end":{"line":14,"column":12}},"loc":{"start":{"line":14,"column":61},"end":{"line":17,"column":5}}},"3":{"name":"(anonymous_3)","decl":{"start":{"line":19,"column":4},"end":{"line":19,"column":11}},"loc":{"start":{"line":19,"column":34},"end":{"line":30,"column":5}}},"4":{"name":"(anonymous_4)","decl":{"start":{"line":32,"column":4},"end":{"line":32,"column":11}},"loc":{"start":{"line":32,"column":4},"end":{"line":34,"column":5}}}},"branchMap":{"0":{"loc":{"start":{"line":19,"column":18},"end":{"line":19,"column":null}},"type":"if","locations":[{"start":{"line":19,"column":18},"end":{"line":19,"column":null}},{"start":{"line":19,"column":18},"end":{"line":19,"column":null}}]},"1":{"loc":{"start":{"line":21,"column":8},"end":{"line":27,"column":null}},"type":"if","locations":[{"start":{"line":21,"column":8},"end":{"line":27,"column":null}},{"start":{"line":21,"column":8},"end":{"line":27,"column":null}}]}},"s":{"0":1,"1":1,"2":1,"3":1,"4":1,"5":1,"6":3,"7":3,"8":1,"9":3,"10":3,"11":3,"12":0,"13":0,"14":0,"15":3,"16":3,"17":1,"18":3,"19":1},"f":{"0":1,"1":1,"2":3,"3":3,"4":3},"b":{"0":[0,3],"1":[0,3]}}
,"C:\\Users\\Glosc\\git\\svg-canvas\\src\\main\\canvas-objects\\CanvasObject.ts": {"path":"C:\\Users\\Glosc\\git\\svg-canvas\\src\\main\\canvas-objects\\CanvasObject.ts","statementMap":{"0":{"start":{"line":3,"column":0},"end":{"line":3,"column":null}},"1":{"start":{"line":5,"column":12},"end":{"line":5,"column":49}},"2":{"start":{"line":7,"column":14},"end":{"line":9,"column":null}},"3":{"start":{"line":8,"column":8},"end":{"line":8,"column":28}},"4":{"start":{"line":11,"column":11},"end":{"line":13,"column":null}},"5":{"start":{"line":12,"column":8},"end":{"line":12,"column":30}},"6":{"start":{"line":17,"column":0},"end":{"line":17,"column":null}}},"fnMap":{"0":{"name":"(anonymous_1)","decl":{"start":{"line":3,"column":0},"end":{"line":3,"column":null}},"loc":{"start":{"line":3,"column":0},"end":{"line":17,"column":null}}},"1":{"name":"(anonymous_3)","decl":{"start":{"line":7,"column":4},"end":{"line":7,"column":14}},"loc":{"start":{"line":7,"column":30},"end":{"line":9,"column":5}}},"2":{"name":"(anonymous_4)","decl":{"start":{"line":11,"column":4},"end":{"line":11,"column":11}},"loc":{"start":{"line":11,"column":4},"end":{"line":13,"column":5}}}},"branchMap":{},"s":{"0":1,"1":3,"2":1,"3":3,"4":1,"5":3,"6":1},"f":{"0":4,"1":3,"2":3},"b":{}}
,"C:\\Users\\Glosc\\git\\svg-canvas\\src\\main\\canvas-objects\\simple\\Circle.ts": {"path":"C:\\Users\\Glosc\\git\\svg-canvas\\src\\main\\canvas-objects\\simple\\Circle.ts","statementMap":{"0":{"start":{"line":1,"column":0},"end":{"line":1,"column":32}},"1":{"start":{"line":2,"column":0},"end":{"line":2,"column":44}},"2":{"start":{"line":3,"column":0},"end":{"line":3,"column":43}},"3":{"start":{"line":7,"column":0},"end":{"line":7,"column":null}},"4":{"start":{"line":7,"column":36},"end":{"line":7,"column":48}},"5":{"start":{"line":14,"column":11},"end":{"line":17,"column":null}},"6":{"start":{"line":15,"column":8},"end":{"line":15,"column":39}},"7":{"start":{"line":16,"column":8},"end":{"line":16,"column":20}},"8":{"start":{"line":20,"column":4},"end":{"line":23,"column":null}},"9":{"start":{"line":21,"column":8},"end":{"line":21,"column":24}},"10":{"start":{"line":22,"column":8},"end":{"line":22,"column":20}},"11":{"start":{"line":26,"column":4},"end":{"line":29,"column":null}},"12":{"start":{"line":27,"column":8},"end":{"line":27,"column":24}},"13":{"start":{"line":28,"column":8},"end":{"line":28,"column":20}},"14":{"start":{"line":32,"column":4},"end":{"line":36,"column":null}},"15":{"start":{"line":33,"column":8},"end":{"line":33,"column":18}},"16":{"start":{"line":34,"column":8},"end":{"line":34,"column":18}},"17":{"start":{"line":35,"column":8},"end":{"line":35,"column":20}},"18":{"start":{"line":39,"column":11},"end":{"line":46,"column":null}},"19":{"start":{"line":40,"column":8},"end":{"line":45,"column":10}},"20":{"start":{"line":48,"column":0},"end":{"line":48,"column":null}}},"fnMap":{"0":{"name":"(anonymous_6)","decl":{"start":{"line":7,"column":0},"end":{"line":7,"column":36}},"loc":{"start":{"line":7,"column":0},"end":{"line":48,"column":null}}},"1":{"name":"(anonymous_8)","decl":{"start":{"line":14,"column":4},"end":{"line":14,"column":11}},"loc":{"start":{"line":14,"column":38},"end":{"line":17,"column":5}}},"2":{"name":"(anonymous_9)","decl":{"start":{"line":20,"column":4},"end":{"line":20,"column":5}},"loc":{"start":{"line":20,"column":16},"end":{"line":23,"column":5}}},"3":{"name":"(anonymous_10)","decl":{"start":{"line":26,"column":4},"end":{"line":26,"column":5}},"loc":{"start":{"line":26,"column":16},"end":{"line":29,"column":5}}},"4":{"name":"(anonymous_11)","decl":{"start":{"line":32,"column":4},"end":{"line":32,"column":12}},"loc":{"start":{"line":32,"column":35},"end":{"line":36,"column":5}}},"5":{"name":"(anonymous_12)","decl":{"start":{"line":39,"column":4},"end":{"line":39,"column":11}},"loc":{"start":{"line":39,"column":4},"end":{"line":46,"column":5}}}},"branchMap":{"0":{"loc":{"start":{"line":42,"column":45},"end":{"line":42,"column":61}},"type":"binary-expr","locations":[{"start":{"line":42,"column":45},"end":{"line":42,"column":61}},{"start":{"line":42,"column":65},"end":{"line":42,"column":70}}]},"1":{"loc":{"start":{"line":43,"column":46},"end":{"line":43,"column":57}},"type":"binary-expr","locations":[{"start":{"line":43,"column":46},"end":{"line":43,"column":57}},{"start":{"line":43,"column":61},"end":{"line":43,"column":66}}]},"2":{"loc":{"start":{"line":44,"column":46},"end":{"line":44,"column":57}},"type":"binary-expr","locations":[{"start":{"line":44,"column":46},"end":{"line":44,"column":57}},{"start":{"line":44,"column":61},"end":{"line":44,"column":66}}]}},"s":{"0":1,"1":1,"2":1,"3":1,"4":1,"5":1,"6":2,"7":2,"8":1,"9":2,"10":2,"11":1,"12":2,"13":2,"14":1,"15":1,"16":1,"17":1,"18":1,"19":3,"20":1},"f":{"0":4,"1":2,"2":2,"3":2,"4":1,"5":3},"b":{"0":[3,1],"1":[3,1],"2":[3,1]}}
,"C:\\Users\\Glosc\\git\\svg-canvas\\src\\main\\dom\\Attribute.ts": {"path":"C:\\Users\\Glosc\\git\\svg-canvas\\src\\main\\dom\\Attribute.ts","statementMap":{"0":{"start":{"line":1,"column":0},"end":{"line":1,"column":null}},"1":{"start":{"line":7,"column":8},"end":{"line":7,"column":23}},"2":{"start":{"line":8,"column":8},"end":{"line":8,"column":27}},"3":{"start":{"line":11,"column":11},"end":{"line":13,"column":null}},"4":{"start":{"line":12,"column":8},"end":{"line":12,"column":29}},"5":{"start":{"line":15,"column":11},"end":{"line":17,"column":null}},"6":{"start":{"line":16,"column":8},"end":{"line":16,"column":31}},"7":{"start":{"line":19,"column":0},"end":{"line":19,"column":null}}},"fnMap":{"0":{"name":"(anonymous_0)","decl":{"start":{"line":1,"column":0},"end":{"line":1,"column":null}},"loc":{"start":{"line":1,"column":0},"end":{"line":19,"column":null}}},"1":{"name":"Attribute","decl":{"start":{"line":6,"column":4},"end":{"line":6,"column":16}},"loc":{"start":{"line":6,"column":44},"end":{"line":9,"column":5}}},"2":{"name":"(anonymous_2)","decl":{"start":{"line":11,"column":4},"end":{"line":11,"column":11}},"loc":{"start":{"line":11,"column":4},"end":{"line":13,"column":5}}},"3":{"name":"(anonymous_3)","decl":{"start":{"line":15,"column":4},"end":{"line":15,"column":11}},"loc":{"start":{"line":15,"column":4},"end":{"line":17,"column":5}}}},"branchMap":{},"s":{"0":1,"1":9,"2":9,"3":1,"4":9,"5":1,"6":9,"7":1},"f":{"0":1,"1":9,"2":9,"3":9},"b":{}}
,"C:\\Users\\Glosc\\git\\svg-canvas\\src\\main\\dom\\SVGBuilder.ts": {"path":"C:\\Users\\Glosc\\git\\svg-canvas\\src\\main\\dom\\SVGBuilder.ts","statementMap":{"0":{"start":{"line":5,"column":0},"end":{"line":5,"column":null}},"1":{"start":{"line":6,"column":11},"end":{"line":21,"column":null}},"2":{"start":{"line":7,"column":28},"end":{"line":7,"column":35}},"3":{"start":{"line":8,"column":8},"end":{"line":19,"column":11}},"4":{"start":{"line":9,"column":12},"end":{"line":9,"column":43}},"5":{"start":{"line":10,"column":46},"end":{"line":10,"column":48}},"6":{"start":{"line":11,"column":12},"end":{"line":17,"column":null}},"7":{"start":{"line":12,"column":16},"end":{"line":12,"column":61}},"8":{"start":{"line":13,"column":16},"end":{"line":15,"column":null}},"9":{"start":{"line":14,"column":20},"end":{"line":14,"column":93}},"10":{"start":{"line":16,"column":16},"end":{"line":16,"column":64}},"11":{"start":{"line":18,"column":12},"end":{"line":18,"column":39}},"12":{"start":{"line":20,"column":8},"end":{"line":20,"column":31}},"13":{"start":{"line":22,"column":0},"end":{"line":22,"column":null}}},"fnMap":{"0":{"name":"(anonymous_0)","decl":{"start":{"line":5,"column":0},"end":{"line":5,"column":null}},"loc":{"start":{"line":5,"column":0},"end":{"line":22,"column":null}}},"1":{"name":"(anonymous_2)","decl":{"start":{"line":6,"column":4},"end":{"line":6,"column":11}},"loc":{"start":{"line":6,"column":59},"end":{"line":21,"column":5}}},"2":{"name":"(anonymous_3)","decl":{"start":{"line":8,"column":25},"end":{"line":8,"column":26}},"loc":{"start":{"line":8,"column":53},"end":{"line":19,"column":9}}},"3":{"name":"(anonymous_4)","decl":{"start":{"line":11,"column":43},"end":{"line":11,"column":44}},"loc":{"start":{"line":11,"column":53},"end":{"line":17,"column":13}}},"4":{"name":"(anonymous_5)","decl":{"start":{"line":13,"column":44},"end":{"line":13,"column":45}},"loc":{"start":{"line":13,"column":66},"end":{"line":15,"column":17}}}},"branchMap":{},"s":{"0":1,"1":1,"2":3,"3":3,"4":3,"5":3,"6":3,"7":3,"8":3,"9":9,"10":3,"11":3,"12":3,"13":1},"f":{"0":1,"1":3,"2":3,"3":3,"4":9},"b":{}}
,"C:\\Users\\Glosc\\git\\svg-canvas\\src\\main\\dom\\Tag.ts": {"path":"C:\\Users\\Glosc\\git\\svg-canvas\\src\\main\\dom\\Tag.ts","statementMap":{"0":{"start":{"line":3,"column":0},"end":{"line":3,"column":null}},"1":{"start":{"line":6,"column":12},"end":{"line":6,"column":67}},"2":{"start":{"line":9,"column":8},"end":{"line":9,"column":31}},"3":{"start":{"line":12,"column":11},"end":{"line":15,"column":null}},"4":{"start":{"line":13,"column":8},"end":{"line":13,"column":40}},"5":{"start":{"line":14,"column":8},"end":{"line":14,"column":20}},"6":{"start":{"line":17,"column":11},"end":{"line":19,"column":null}},"7":{"start":{"line":18,"column":8},"end":{"line":18,"column":36}},"8":{"start":{"line":21,"column":11},"end":{"line":23,"column":null}},"9":{"start":{"line":22,"column":8},"end":{"line":22,"column":33}},"10":{"start":{"line":25,"column":0},"end":{"line":25,"column":null}}},"fnMap":{"0":{"name":"(anonymous_1)","decl":{"start":{"line":3,"column":0},"end":{"line":3,"column":null}},"loc":{"start":{"line":3,"column":0},"end":{"line":25,"column":null}}},"1":{"name":"Tag","decl":{"start":{"line":8,"column":4},"end":{"line":8,"column":16}},"loc":{"start":{"line":8,"column":32},"end":{"line":10,"column":5}}},"2":{"name":"(anonymous_3)","decl":{"start":{"line":12,"column":4},"end":{"line":12,"column":11}},"loc":{"start":{"line":12,"column":45},"end":{"line":15,"column":5}}},"3":{"name":"(anonymous_4)","decl":{"start":{"line":17,"column":4},"end":{"line":17,"column":11}},"loc":{"start":{"line":17,"column":4},"end":{"line":19,"column":5}}},"4":{"name":"(anonymous_5)","decl":{"start":{"line":21,"column":4},"end":{"line":21,"column":11}},"loc":{"start":{"line":21,"column":4},"end":{"line":23,"column":5}}}},"branchMap":{},"s":{"0":1,"1":3,"2":3,"3":1,"4":9,"5":9,"6":1,"7":3,"8":1,"9":6,"10":1},"f":{"0":1,"1":3,"2":9,"3":3,"4":6},"b":{}}
}
