TN:
SF:src\main\SVGCanvas.ts
FN:5,(anonymous_0)
FN:10,SVGCanvas
FN:14,(anonymous_2)
FN:19,(anonymous_3)
FN:32,(anonymous_4)
FNF:5
FNH:5
FNDA:1,(anonymous_0)
FNDA:1,SVGCanvas
FNDA:3,(anonymous_2)
FNDA:3,(anonymous_3)
FNDA:3,(anonymous_4)
DA:2,1
DA:3,1
DA:5,1
DA:8,1
DA:11,1
DA:14,1
DA:15,3
DA:16,3
DA:19,3
DA:20,3
DA:21,3
DA:22,0
DA:23,0
DA:25,0
DA:28,3
DA:29,3
DA:32,1
DA:33,3
DA:36,1
LF:19
LH:16
BRDA:19,0,0,0
BRDA:19,0,1,3
BRDA:21,1,0,0
BRDA:21,1,1,3
BRF:4
BRH:2
end_of_record
TN:
SF:src\main\canvas-objects\CanvasObject.ts
FN:3,(anonymous_1)
FN:7,(anonymous_3)
FN:11,(anonymous_4)
FNF:3
FNH:3
FNDA:4,(anonymous_1)
FNDA:3,(anonymous_3)
FNDA:3,(anonymous_4)
DA:3,1
DA:5,3
DA:7,1
DA:8,3
DA:11,1
DA:12,3
DA:17,1
LF:7
LH:7
BRF:0
BRH:0
end_of_record
TN:
SF:src\main\canvas-objects\simple\Circle.ts
FN:7,(anonymous_6)
FN:14,(anonymous_8)
FN:20,(anonymous_9)
FN:26,(anonymous_10)
FN:32,(anonymous_11)
FN:39,(anonymous_12)
FNF:6
FNH:6
FNDA:4,(anonymous_6)
FNDA:2,(anonymous_8)
FNDA:2,(anonymous_9)
FNDA:2,(anonymous_10)
FNDA:1,(anonymous_11)
FNDA:3,(anonymous_12)
DA:1,1
DA:2,1
DA:3,1
DA:7,1
DA:14,1
DA:15,2
DA:16,2
DA:20,1
DA:21,2
DA:22,2
DA:26,1
DA:27,2
DA:28,2
DA:32,1
DA:33,1
DA:34,1
DA:35,1
DA:39,1
DA:40,3
DA:48,1
LF:20
LH:20
BRDA:42,0,0,3
BRDA:42,0,1,1
BRDA:43,1,0,3
BRDA:43,1,1,1
BRDA:44,2,0,3
BRDA:44,2,1,1
BRF:6
BRH:6
end_of_record
TN:
SF:src\main\dom\Attribute.ts
FN:1,(anonymous_0)
FN:6,Attribute
FN:11,(anonymous_2)
FN:15,(anonymous_3)
FNF:4
FNH:4
FNDA:1,(anonymous_0)
FNDA:9,Attribute
FNDA:9,(anonymous_2)
FNDA:9,(anonymous_3)
DA:1,1
DA:7,9
DA:8,9
DA:11,1
DA:12,9
DA:15,1
DA:16,9
DA:19,1
LF:8
LH:8
BRF:0
BRH:0
end_of_record
TN:
SF:src\main\dom\SVGBuilder.ts
FN:5,(anonymous_0)
FN:6,(anonymous_2)
FN:8,(anonymous_3)
FN:11,(anonymous_4)
FN:13,(anonymous_5)
FNF:5
FNH:5
FNDA:1,(anonymous_0)
FNDA:3,(anonymous_2)
FNDA:3,(anonymous_3)
FNDA:3,(anonymous_4)
FNDA:9,(anonymous_5)
DA:5,1
DA:6,1
DA:7,3
DA:8,3
DA:9,3
DA:10,3
DA:11,3
DA:12,3
DA:13,3
DA:14,9
DA:16,3
DA:18,3
DA:20,3
DA:22,1
LF:14
LH:14
BRF:0
BRH:0
end_of_record
TN:
SF:src\main\dom\Tag.ts
FN:3,(anonymous_1)
FN:8,Tag
FN:12,(anonymous_3)
FN:17,(anonymous_4)
FN:21,(anonymous_5)
FNF:5
FNH:5
FNDA:1,(anonymous_1)
FNDA:3,Tag
FNDA:9,(anonymous_3)
FNDA:3,(anonymous_4)
FNDA:6,(anonymous_5)
DA:3,1
DA:6,3
DA:9,3
DA:12,1
DA:13,9
DA:14,9
DA:17,1
DA:18,3
DA:21,1
DA:22,6
DA:25,1
LF:11
LH:11
BRF:0
BRH:0
end_of_record
